<?xml version="1.0" encoding="UTF-8"?>
<!-- Generated by org.testng.reporters.JUnitXMLReporter -->
<testsuite ignored="0" hostname="DESKTOP-A0EAS6T" failures="0" tests="2" name="Error Validation Test" time="37.521" errors="0" timestamp="2025-11-03T08:41:53 EST">
  <testcase classname="Basharmal.ErrorValidationTest" name="LoginErrorValidationTest" time="12.636">
    <skipped/>
  </testcase> <!-- LoginErrorValidationTest -->
  <testcase classname="Basharmal.ErrorValidationTest" name="LoginErrorValidationTest" time="0.513"/>
</testsuite> <!-- Error Validation Test -->
