<?xml version="1.0" encoding="UTF-8"?>
<!-- Generated by org.testng.reporters.JUnitXMLReporter -->
<testsuite ignored="0" hostname="DESKTOP-A0EAS6T" failures="0" tests="3" name="firstTest" time="92.817" errors="0" timestamp="2025-11-03T08:42:48 EST">
  <testcase classname="Basharmal.StandAloneTest" name="submitOrder" time="27.78"/>
  <testcase classname="Basharmal.StandAloneTest" name="submitOrder" time="27.638"/>
  <testcase classname="Basharmal.StandAloneTest" name="OrderHistoryTest" time="1.241"/>
</testsuite> <!-- firstTest -->
