<?xml version="1.0" encoding="UTF-8"?>
<testsuite xmlns:xsi="http://www.w3.org/2001/XMLSchema-instance" xsi:noNamespaceSchemaLocation="https://maven.apache.org/surefire/maven-surefire-plugin/xsd/surefire-test-report.xsd" version="3.0.2" name="TestSuite" time="93.983" tests="5" errors="0" skipped="1" failures="0">
  <properties>
[...]
</properties>
  <testcase name="LoginErrorValidationTest" classname="Basharmal.ErrorValidationTest" time="0.0">
    <skipped message="Unable to locate element: [class*=&apos;flyInOut&apos;]&#10;For documentation on this error, please visit: https://www.selenium.dev/documentation/webdriver/troubleshooting/errors#no-such-element-exception&#10;Build info: version: &apos;4.33.0&apos;, revision: &apos;2c6aaad03a&apos;&#10;System info: os.name: &apos;Windows 10&apos;, os.arch: &apos;amd64&apos;, os.version: &apos;10.0&apos;, java.version: &apos;23.0.2&apos;&#10;Driver info: org.openqa.selenium.firefox.FirefoxDriver&#10;Command: [4093217a-77d2-420d-a017-0c0867cbdd21, findElement {using=css selector, value=[class*=&apos;flyInOut&apos;]}]&#10;Capabilities {acceptInsecureCerts: true, browserName: firefox, browserVersion: 144.0.2, moz:accessibilityChecks: false, moz:buildID: 20251027123126, moz:geckodriverVersion: 0.36.0, moz:headless: false, moz:platformVersion: 10.0, moz:processID: 33188, moz:profile: C:\Users\BASHAR~1\AppData\L..., moz:shutdownTimeout: 60000, moz:webdriverClick: true, moz:windowless: false, pageLoadStrategy: normal, platformName: windows, proxy: Proxy(), setWindowRect: true, strictFileInteractability: false, timeouts: {implicit: 0, pageLoad: 300000, script: 30000}, unhandledPromptBehavior: dismiss and notify, userAgent: Mozilla/5.0 (Windows NT 10....}&#10;Session ID: 4093217a-77d2-420d-a017-0c0867cbdd21"/>
    <system-out><![CDATA[Browser selected: firefox
Browser selected: firefox
Item added to cart successfully ADIDAS ORIGINAL
]]></system-out>
    <system-err><![CDATA[SLF4J(W): No SLF4J providers were found.
SLF4J(W): Defaulting to no-operation (NOP) logger implementation
SLF4J(W): See https://www.slf4j.org/codes.html#noProviders for further details.
]]></system-err>
  </testcase>
  <testcase name="LoginErrorValidationTest" classname="Basharmal.ErrorValidationTest" time="0.52">
    <system-out><![CDATA[Item added to cart successfully ZARA COAT 3
Browser selected: firefox
Item added to cart successfully iphone 13 pro
]]></system-out>
  </testcase>
  <testcase name="submitOrder[{country=India, userPassword=R@hulshetty.123, userEmail=usman.basharmal123@gmail.com, itemsAddToCart=[ADIDAS ORIGINAL, ZARA COAT 3, iphone 13 pro]}](1)" classname="Basharmal.StandAloneTest" time="3.703"/>
  <testcase name="submitOrder[{country=Pakistan, userPassword=walwalah@S123, userEmail=walwalahsherzai@gmail.com, itemsAddToCart=[ADIDAS ORIGINAL, ZARA COAT 3, iphone 13 pro]}](2)" classname="Basharmal.StandAloneTest" time="27.638">
    <system-out><![CDATA[Browser selected: firefox
Item added to cart successfully ADIDAS ORIGINAL
Item added to cart successfully ZARA COAT 3
Item added to cart successfully iphone 13 pro
]]></system-out>
  </testcase>
  <testcase name="OrderHistoryTest" classname="Basharmal.StandAloneTest" time="1.241">
    <system-out><![CDATA[Browser selected: firefox
Click failed due to overlay. Retrying with JS click.
this code is run success 
]]></system-out>
  </testcase>
</testsuite>