<?xml version="1.0" encoding="UTF-8"?>
<!-- Generated by org.testng.reporters.JUnitReportReporter -->
<testsuite hostname="DESKTOP-A0EAS6T" failures="0" tests="2" name="Basharmal.ErrorValidationTest" time="37.441" errors="0" timestamp="2025-11-03T08:42:48 EST" skipped="1">
  <testcase classname="Basharmal.ErrorValidationTest" name="LoginErrorValidationTest" time="11.859"/>
  <testcase classname="Basharmal.ErrorValidationTest" name="LoginErrorValidationTest" time="25.582">
    <skipped/>
  </testcase> <!-- LoginErrorValidationTest -->
</testsuite> <!-- Basharmal.ErrorValidationTest -->
