<?xml version="1.0" encoding="UTF-8"?>
<!-- Generated by org.testng.reporters.JUnitReportReporter -->
<testsuite hostname="DESKTOP-A0EAS6T" failures="0" tests="3" name="Basharmal.StandAloneTest" time="92.449" errors="0" timestamp="2025-11-03T08:42:48 EST" skipped="0">
  <testcase classname="Basharmal.StandAloneTest" name="OrderHistoryTest" time="13.562"/>
  <testcase classname="Basharmal.StandAloneTest" name="submitOrder" time="40.163"/>
  <testcase classname="Basharmal.StandAloneTest" name="submitOrder" time="38.724"/>
</testsuite> <!-- Basharmal.StandAloneTest -->
